{"C:\\Users\\Baban Auwal\\Desktop\\Microverse1\\module 2\\capstone\\the-view-javascript-capstone\\src\\modules\\countComment.js": {"path":"C:\\Users\\Baban Auwal\\Desktop\\Microverse1\\module 2\\capstone\\the-view-javascript-capstone\\src\\modules\\countComment.js","statementMap":{"0":{"start":{"line":1,"column":21},"end":{"line":6,"column":1}},"1":{"start":{"line":2,"column":22},"end":{"line":2,"column":57}},"2":{"start":{"line":3,"column":19},"end":{"line":3,"column":53}},"3":{"start":{"line":4,"column":23},"end":{"line":4,"column":64}},"4":{"start":{"line":5,"column":2},"end":{"line":5,"column":48}}},"fnMap":{"0":{"name":"(anonymous_0)","decl":{"start":{"line":1,"column":21},"end":{"line":1,"column":22}},"loc":{"start":{"line":1,"column":27},"end":{"line":6,"column":1}},"line":1}},"branchMap":{},"s":{"0":1,"1":1,"2":1,"3":1,"4":1},"f":{"0":1},"b":{},"_coverageSchema":"1a1c01bbd47fc00a2c39e90264f33305004495a9","hash":"8a0dc1a43d7116bcb88ccf2be3f49339e39f0cda"}
}
